###############################################################
#  Generated by:      Cadence Innovus 18.13-s088_1
#  OS:                Linux x86_64(Host ID zxp007.u-aizu.ac.jp)
#  Generated on:      Thu Dec  3 16:08:29 2020
#  Design:            detector110
#  Command:           report_ccopt_skew_groups -file ./reports/skew_groups.rpt
###############################################################

Skew Group Structure:
=====================

----------------------------------------------------------
Skew Group    Sources    Constrained Sinks    Ignore Sinks
----------------------------------------------------------
MY_CLK           1               2                 0
----------------------------------------------------------

Skew Group Summary:
===================

----------------------------------------------------------------------------------------------------------------------------------------------------------------
Timing Corner          Skew Group    ID Target    Min ID    Max ID    Avg ID    Std.Dev. ID    Skew Target Type    Skew Target    Skew     Skew window occupancy
----------------------------------------------------------------------------------------------------------------------------------------------------------------
default:setup.early    MY_CLK            -        0.006     0.006     0.006        0.000       ignored                  -         0.000              -
default:setup.late     MY_CLK        none         0.006     0.006     0.006        0.000       auto computed        0.041         0.000    100% {0.006, 0.006}
default:hold.early     MY_CLK            -        0.006     0.006     0.006        0.000       ignored                  -         0.000              -
default:hold.late      MY_CLK            -        0.006     0.006     0.006        0.000       ignored                  -         0.000              -
----------------------------------------------------------------------------------------------------------------------------------------------------------------

* - indicates that target was not met.

Skew Group Min/Max path pins:
=============================

-------------------------------------------------------------------------
Timing Corner          Skew Group    Min ID    PathID    Max ID    PathID
-------------------------------------------------------------------------
default:setup.early    MY_CLK        0.006       1       0.006       2
-    min current_reg[1]/CK
-    max current_reg[1]/CK
default:setup.late     MY_CLK        0.006       3       0.006       4
-    min current_reg[1]/CK
-    max current_reg[1]/CK
default:hold.early     MY_CLK        0.006       5       0.006       6
-    min current_reg[1]/CK
-    max current_reg[1]/CK
default:hold.late      MY_CLK        0.006       7       0.006       8
-    min current_reg[1]/CK
-    max current_reg[1]/CK
-------------------------------------------------------------------------

Timing for timing corner default:setup.early, min clock_path:
=============================================================

PathID    : 1
Path type : skew group MY_CLK (path 1 of 1)
Start     : clk
End       : current_reg[1]/CK
Delay     : 0.006

----------------------------------------------------------------------------------------------
Name  Lib cell  Event  Incr   Arrival  Slew   Cap    Location         Distance  Fanout  Status
                       (ns)   (ns)     (ns)   (pF)                    (um)              
-- Clockpath trace ---------------------------------------------------------------------------
clk
-     -         rise   -       0.000   0.002  1.714  (0.000,0.000)    -           1     
g263/A
-     INV_X1    rise   0.000   0.000   0.002  -      (19.130,21.945)   41.075   -       
g263/ZN
-     INV_X1    rise   0.006   0.006   0.007  2.282  (18.960,21.570)    0.545     2     
current_reg[1]/CK
-     DFF_X1    fall   0.000   0.006   0.003  -      (20.290,20.890)    2.010   -       
----------------------------------------------------------------------------------------------

Timing for timing corner default:setup.early, max clock_path:
=============================================================

PathID    : 2
Path type : skew group MY_CLK (path 1 of 1)
Start     : clk
End       : current_reg[0]/CK
Delay     : 0.006

----------------------------------------------------------------------------------------------
Name  Lib cell  Event  Incr   Arrival  Slew   Cap    Location         Distance  Fanout  Status
                       (ns)   (ns)     (ns)   (pF)                    (um)              
-- Clockpath trace ---------------------------------------------------------------------------
clk
-     -         rise   -       0.000   0.002  1.714  (0.000,0.000)    -           1     
g263/A
-     INV_X1    rise   0.000   0.000   0.002  -      (19.130,21.945)   41.075   -       
g263/ZN
-     INV_X1    rise   0.006   0.006   0.007  2.282  (18.960,21.570)    0.545     2     
current_reg[0]/CK
-     DFF_X1    fall   0.000   0.006   0.003  -      (17.140,21.950)    2.200   -       
----------------------------------------------------------------------------------------------

Timing for timing corner default:setup.late, min clock_path:
============================================================

PathID    : 3
Path type : skew group MY_CLK (path 1 of 1)
Start     : clk
End       : current_reg[1]/CK
Delay     : 0.006

----------------------------------------------------------------------------------------------
Name  Lib cell  Event  Incr   Arrival  Slew   Cap    Location         Distance  Fanout  Status
                       (ns)   (ns)     (ns)   (pF)                    (um)              
-- Clockpath trace ---------------------------------------------------------------------------
clk
-     -         rise   -       0.000   0.002  1.714  (0.000,0.000)    -           1     
g263/A
-     INV_X1    rise   0.000   0.000   0.002  -      (19.130,21.945)   41.075   -       
g263/ZN
-     INV_X1    rise   0.006   0.006   0.007  2.282  (18.960,21.570)    0.545     2     
current_reg[1]/CK
-     DFF_X1    fall   0.000   0.006   0.003  -      (20.290,20.890)    2.010   -       
----------------------------------------------------------------------------------------------

Timing for timing corner default:setup.late, max clock_path:
============================================================

PathID    : 4
Path type : skew group MY_CLK (path 1 of 1)
Start     : clk
End       : current_reg[0]/CK
Delay     : 0.006

----------------------------------------------------------------------------------------------
Name  Lib cell  Event  Incr   Arrival  Slew   Cap    Location         Distance  Fanout  Status
                       (ns)   (ns)     (ns)   (pF)                    (um)              
-- Clockpath trace ---------------------------------------------------------------------------
clk
-     -         rise   -       0.000   0.002  1.714  (0.000,0.000)    -           1     
g263/A
-     INV_X1    rise   0.000   0.000   0.002  -      (19.130,21.945)   41.075   -       
g263/ZN
-     INV_X1    rise   0.006   0.006   0.007  2.282  (18.960,21.570)    0.545     2     
current_reg[0]/CK
-     DFF_X1    fall   0.000   0.006   0.003  -      (17.140,21.950)    2.200   -       
----------------------------------------------------------------------------------------------

Timing for timing corner default:hold.early, min clock_path:
============================================================

PathID    : 5
Path type : skew group MY_CLK (path 1 of 1)
Start     : clk
End       : current_reg[1]/CK
Delay     : 0.006

----------------------------------------------------------------------------------------------
Name  Lib cell  Event  Incr   Arrival  Slew   Cap    Location         Distance  Fanout  Status
                       (ns)   (ns)     (ns)   (pF)                    (um)              
-- Clockpath trace ---------------------------------------------------------------------------
clk
-     -         rise   -       0.000   0.002  1.714  (0.000,0.000)    -           1     
g263/A
-     INV_X1    rise   0.000   0.000   0.002  -      (19.130,21.945)   41.075   -       
g263/ZN
-     INV_X1    rise   0.006   0.006   0.007  2.282  (18.960,21.570)    0.545     2     
current_reg[1]/CK
-     DFF_X1    fall   0.000   0.006   0.003  -      (20.290,20.890)    2.010   -       
----------------------------------------------------------------------------------------------

Timing for timing corner default:hold.early, max clock_path:
============================================================

PathID    : 6
Path type : skew group MY_CLK (path 1 of 1)
Start     : clk
End       : current_reg[0]/CK
Delay     : 0.006

----------------------------------------------------------------------------------------------
Name  Lib cell  Event  Incr   Arrival  Slew   Cap    Location         Distance  Fanout  Status
                       (ns)   (ns)     (ns)   (pF)                    (um)              
-- Clockpath trace ---------------------------------------------------------------------------
clk
-     -         rise   -       0.000   0.002  1.714  (0.000,0.000)    -           1     
g263/A
-     INV_X1    rise   0.000   0.000   0.002  -      (19.130,21.945)   41.075   -       
g263/ZN
-     INV_X1    rise   0.006   0.006   0.007  2.282  (18.960,21.570)    0.545     2     
current_reg[0]/CK
-     DFF_X1    fall   0.000   0.006   0.003  -      (17.140,21.950)    2.200   -       
----------------------------------------------------------------------------------------------

Timing for timing corner default:hold.late, min clock_path:
===========================================================

PathID    : 7
Path type : skew group MY_CLK (path 1 of 1)
Start     : clk
End       : current_reg[1]/CK
Delay     : 0.006

----------------------------------------------------------------------------------------------
Name  Lib cell  Event  Incr   Arrival  Slew   Cap    Location         Distance  Fanout  Status
                       (ns)   (ns)     (ns)   (pF)                    (um)              
-- Clockpath trace ---------------------------------------------------------------------------
clk
-     -         rise   -       0.000   0.002  1.714  (0.000,0.000)    -           1     
g263/A
-     INV_X1    rise   0.000   0.000   0.002  -      (19.130,21.945)   41.075   -       
g263/ZN
-     INV_X1    rise   0.006   0.006   0.007  2.282  (18.960,21.570)    0.545     2     
current_reg[1]/CK
-     DFF_X1    fall   0.000   0.006   0.003  -      (20.290,20.890)    2.010   -       
----------------------------------------------------------------------------------------------

Timing for timing corner default:hold.late, max clock_path:
===========================================================

PathID    : 8
Path type : skew group MY_CLK (path 1 of 1)
Start     : clk
End       : current_reg[0]/CK
Delay     : 0.006

----------------------------------------------------------------------------------------------
Name  Lib cell  Event  Incr   Arrival  Slew   Cap    Location         Distance  Fanout  Status
                       (ns)   (ns)     (ns)   (pF)                    (um)              
-- Clockpath trace ---------------------------------------------------------------------------
clk
-     -         rise   -       0.000   0.002  1.714  (0.000,0.000)    -           1     
g263/A
-     INV_X1    rise   0.000   0.000   0.002  -      (19.130,21.945)   41.075   -       
g263/ZN
-     INV_X1    rise   0.006   0.006   0.007  2.282  (18.960,21.570)    0.545     2     
current_reg[0]/CK
-     DFF_X1    fall   0.000   0.006   0.003  -      (17.140,21.950)    2.200   -       
----------------------------------------------------------------------------------------------

